mode: set
github.com/a1exCross/chat-server/internal/repository/chat/repository.go:32.60,34.2 1 0
github.com/a1exCross/chat-server/internal/repository/chat/repository.go:36.81,44.16 3 0
github.com/a1exCross/chat-server/internal/repository/chat/repository.go:48.2,56.16 4 0
github.com/a1exCross/chat-server/internal/repository/chat/repository.go:60.2,60.16 1 0
github.com/a1exCross/chat-server/internal/repository/chat/repository.go:44.16,46.3 1 0
github.com/a1exCross/chat-server/internal/repository/chat/repository.go:56.16,58.3 1 0
github.com/a1exCross/chat-server/internal/repository/chat/repository.go:63.60,69.16 3 0
github.com/a1exCross/chat-server/internal/repository/chat/repository.go:73.2,79.16 3 0
github.com/a1exCross/chat-server/internal/repository/chat/repository.go:83.2,88.16 3 0
github.com/a1exCross/chat-server/internal/repository/chat/repository.go:92.2,98.16 3 0
github.com/a1exCross/chat-server/internal/repository/chat/repository.go:102.2,102.12 1 0
github.com/a1exCross/chat-server/internal/repository/chat/repository.go:69.16,71.3 1 0
github.com/a1exCross/chat-server/internal/repository/chat/repository.go:79.16,81.3 1 0
github.com/a1exCross/chat-server/internal/repository/chat/repository.go:88.16,90.3 1 0
github.com/a1exCross/chat-server/internal/repository/chat/repository.go:98.16,100.3 1 0
github.com/a1exCross/chat-server/internal/repository/log/repository.go:22.60,26.2 1 0
github.com/a1exCross/chat-server/internal/repository/log/repository.go:32.77,40.16 3 0
github.com/a1exCross/chat-server/internal/repository/log/repository.go:44.2,52.16 4 0
github.com/a1exCross/chat-server/internal/repository/log/repository.go:56.2,56.16 1 0
github.com/a1exCross/chat-server/internal/repository/log/repository.go:40.16,42.3 1 0
github.com/a1exCross/chat-server/internal/repository/log/repository.go:52.16,54.3 1 0
github.com/a1exCross/chat-server/internal/repository/log/repository.go:59.70,66.16 3 0
github.com/a1exCross/chat-server/internal/repository/log/repository.go:70.2,78.16 4 0
github.com/a1exCross/chat-server/internal/repository/log/repository.go:82.2,82.17 1 0
github.com/a1exCross/chat-server/internal/repository/log/repository.go:66.16,68.3 1 0
github.com/a1exCross/chat-server/internal/repository/log/repository.go:78.16,80.3 1 0
github.com/a1exCross/chat-server/internal/service/chat/create.go:10.81,13.72 2 0
github.com/a1exCross/chat-server/internal/service/chat/create.go:29.2,29.16 1 0
github.com/a1exCross/chat-server/internal/service/chat/create.go:13.72,17.17 3 0
github.com/a1exCross/chat-server/internal/service/chat/create.go:21.3,26.13 2 0
github.com/a1exCross/chat-server/internal/service/chat/create.go:17.17,19.4 1 0
github.com/a1exCross/chat-server/internal/api/chat/delete.go:12.103,14.16 2 1
github.com/a1exCross/chat-server/internal/api/chat/delete.go:18.2,18.28 1 1
github.com/a1exCross/chat-server/internal/api/chat/delete.go:14.16,16.3 1 1
github.com/a1exCross/chat-server/internal/service/message/service.go:16.136,22.2 1 0
github.com/a1exCross/chat-server/internal/api/chat/service.go:16.106,21.2 1 1
github.com/a1exCross/chat-server/internal/repository/message/repository.go:30.64,34.2 1 0
github.com/a1exCross/chat-server/internal/repository/message/repository.go:36.75,43.16 2 0
github.com/a1exCross/chat-server/internal/repository/message/repository.go:47.2,55.16 4 0
github.com/a1exCross/chat-server/internal/repository/message/repository.go:59.2,66.16 3 0
github.com/a1exCross/chat-server/internal/repository/message/repository.go:70.2,76.16 3 0
github.com/a1exCross/chat-server/internal/repository/message/repository.go:80.2,80.12 1 0
github.com/a1exCross/chat-server/internal/repository/message/repository.go:43.16,45.3 1 0
github.com/a1exCross/chat-server/internal/repository/message/repository.go:55.16,57.3 1 0
github.com/a1exCross/chat-server/internal/repository/message/repository.go:66.16,68.3 1 0
github.com/a1exCross/chat-server/internal/repository/message/repository.go:76.16,78.3 1 0
github.com/a1exCross/chat-server/internal/service/chat/delete.go:10.60,11.72 1 0
github.com/a1exCross/chat-server/internal/service/chat/delete.go:11.72,13.17 2 0
github.com/a1exCross/chat-server/internal/service/chat/delete.go:17.3,22.13 2 0
github.com/a1exCross/chat-server/internal/service/chat/delete.go:13.17,15.4 1 0
github.com/a1exCross/chat-server/internal/api/chat/create.go:12.113,16.16 2 1
github.com/a1exCross/chat-server/internal/api/chat/create.go:20.2,22.8 1 1
github.com/a1exCross/chat-server/internal/api/chat/create.go:16.16,18.3 1 1
github.com/a1exCross/chat-server/internal/service/chat/service.go:16.126,22.2 1 0
github.com/a1exCross/chat-server/internal/app/app.go:19.13,21.2 1 1
github.com/a1exCross/chat-server/internal/app/app.go:30.48,34.16 3 0
github.com/a1exCross/chat-server/internal/app/app.go:38.2,38.15 1 0
github.com/a1exCross/chat-server/internal/app/app.go:34.16,36.3 1 0
github.com/a1exCross/chat-server/internal/app/app.go:42.27,43.15 1 0
github.com/a1exCross/chat-server/internal/app/app.go:48.2,48.26 1 0
github.com/a1exCross/chat-server/internal/app/app.go:43.15,46.3 2 0
github.com/a1exCross/chat-server/internal/app/app.go:51.51,59.27 2 0
github.com/a1exCross/chat-server/internal/app/app.go:66.2,66.12 1 0
github.com/a1exCross/chat-server/internal/app/app.go:59.27,61.17 2 0
github.com/a1exCross/chat-server/internal/app/app.go:61.17,63.4 1 0
github.com/a1exCross/chat-server/internal/app/app.go:69.51,73.16 3 0
github.com/a1exCross/chat-server/internal/app/app.go:77.2,77.12 1 0
github.com/a1exCross/chat-server/internal/app/app.go:73.16,75.3 1 0
github.com/a1exCross/chat-server/internal/app/app.go:80.60,84.2 2 0
github.com/a1exCross/chat-server/internal/app/app.go:86.57,94.2 4 0
github.com/a1exCross/chat-server/internal/app/app.go:96.37,98.16 2 0
github.com/a1exCross/chat-server/internal/app/app.go:102.2,104.32 2 0
github.com/a1exCross/chat-server/internal/app/app.go:98.16,100.3 1 0
github.com/a1exCross/chat-server/internal/api/chat/converter/chat.go:8.63,14.2 1 0
github.com/a1exCross/chat-server/internal/app/service_provider.go:39.44,41.2 1 0
github.com/a1exCross/chat-server/internal/app/service_provider.go:43.54,44.23 1 0
github.com/a1exCross/chat-server/internal/app/service_provider.go:53.2,53.19 1 0
github.com/a1exCross/chat-server/internal/app/service_provider.go:44.23,46.17 2 0
github.com/a1exCross/chat-server/internal/app/service_provider.go:50.3,50.19 1 0
github.com/a1exCross/chat-server/internal/app/service_provider.go:46.17,48.4 1 0
github.com/a1exCross/chat-server/internal/app/service_provider.go:56.58,57.25 1 0
github.com/a1exCross/chat-server/internal/app/service_provider.go:66.2,66.21 1 0
github.com/a1exCross/chat-server/internal/app/service_provider.go:57.25,59.17 2 0
github.com/a1exCross/chat-server/internal/app/service_provider.go:63.3,63.21 1 0
github.com/a1exCross/chat-server/internal/app/service_provider.go:59.17,61.4 1 0
github.com/a1exCross/chat-server/internal/app/service_provider.go:69.67,70.23 1 0
github.com/a1exCross/chat-server/internal/app/service_provider.go:86.2,86.19 1 0
github.com/a1exCross/chat-server/internal/app/service_provider.go:70.23,72.17 2 0
github.com/a1exCross/chat-server/internal/app/service_provider.go:76.3,77.17 2 0
github.com/a1exCross/chat-server/internal/app/service_provider.go:81.3,83.18 2 0
github.com/a1exCross/chat-server/internal/app/service_provider.go:72.17,74.4 1 0
github.com/a1exCross/chat-server/internal/app/service_provider.go:77.17,79.4 1 0
github.com/a1exCross/chat-server/internal/app/service_provider.go:89.89,90.24 1 0
github.com/a1exCross/chat-server/internal/app/service_provider.go:94.2,94.20 1 0
github.com/a1exCross/chat-server/internal/app/service_provider.go:90.24,92.3 1 0
github.com/a1exCross/chat-server/internal/app/service_provider.go:97.97,98.27 1 0
github.com/a1exCross/chat-server/internal/app/service_provider.go:102.2,102.23 1 0
github.com/a1exCross/chat-server/internal/app/service_provider.go:98.27,100.3 1 0
github.com/a1exCross/chat-server/internal/app/service_provider.go:105.89,106.23 1 0
github.com/a1exCross/chat-server/internal/app/service_provider.go:110.2,110.19 1 0
github.com/a1exCross/chat-server/internal/app/service_provider.go:106.23,108.3 1 0
github.com/a1exCross/chat-server/internal/app/service_provider.go:113.69,114.24 1 0
github.com/a1exCross/chat-server/internal/app/service_provider.go:118.2,118.20 1 0
github.com/a1exCross/chat-server/internal/app/service_provider.go:114.24,116.3 1 0
github.com/a1exCross/chat-server/internal/app/service_provider.go:121.80,122.26 1 0
github.com/a1exCross/chat-server/internal/app/service_provider.go:130.2,130.22 1 0
github.com/a1exCross/chat-server/internal/app/service_provider.go:122.26,128.3 1 0
github.com/a1exCross/chat-server/internal/app/service_provider.go:133.86,134.29 1 0
github.com/a1exCross/chat-server/internal/app/service_provider.go:142.2,142.25 1 0
github.com/a1exCross/chat-server/internal/app/service_provider.go:134.29,140.3 1 0
github.com/a1exCross/chat-server/internal/app/service_provider.go:145.90,146.23 1 0
github.com/a1exCross/chat-server/internal/app/service_provider.go:150.2,150.19 1 0
github.com/a1exCross/chat-server/internal/app/service_provider.go:146.23,148.3 1 0
github.com/a1exCross/chat-server/internal/api/chat/send_message.go:14.113,16.16 2 0
github.com/a1exCross/chat-server/internal/api/chat/send_message.go:20.2,20.30 1 0
github.com/a1exCross/chat-server/internal/api/chat/send_message.go:16.16,18.3 1 0
github.com/a1exCross/chat-server/internal/service/message/create.go:9.80,10.72 1 0
github.com/a1exCross/chat-server/internal/service/message/create.go:10.72,12.17 2 0
github.com/a1exCross/chat-server/internal/service/message/create.go:16.3,21.13 2 0
github.com/a1exCross/chat-server/internal/service/message/create.go:12.17,14.4 1 0
